<?xml version="1.0" encoding="UTF-8"?>
<!-- Generated by org.testng.reporters.JUnitReportReporter -->
<testsuite hostname="Monika" name="com.automation.testcases.gurukula.GurukulaBranchScenarios" tests="5" failures="0" timestamp="7 Apr 2018 17:05:59 GMT" time="178.245" errors="0">
  <testcase name="viewbranch" time="25.226" classname="com.automation.testcases.gurukula.GurukulaBranchScenarios"/>
  <testcase name="deletebranch" time="26.075" classname="com.automation.testcases.gurukula.GurukulaBranchScenarios"/>
  <testcase name="Searchbranch" time="20.662" classname="com.automation.testcases.gurukula.GurukulaBranchScenarios"/>
  <testcase name="Createbranch" time="34.946" classname="com.automation.testcases.gurukula.GurukulaBranchScenarios"/>
  <testcase name="editbranch" time="71.336" classname="com.automation.testcases.gurukula.GurukulaBranchScenarios"/>
</testsuite> <!-- com.automation.testcases.gurukula.GurukulaBranchScenarios -->
