<?xml version="1.0" encoding="UTF-8"?>
<!-- Generated by org.testng.reporters.JUnitReportReporter -->
<testsuite hostname="Monika" name="com.automation.testcases.gurukula.GurkulaStaffScenarios" tests="5" failures="0" timestamp="8 Apr 2018 08:44:54 GMT" time="144.752" errors="0">
  <testcase name="CreateStaff" time="34.558" classname="com.automation.testcases.gurukula.GurkulaStaffScenarios"/>
  <testcase name="Searchstaff" time="44.273" classname="com.automation.testcases.gurukula.GurkulaStaffScenarios"/>
  <testcase name="deletestaff" time="20.106" classname="com.automation.testcases.gurukula.GurkulaStaffScenarios"/>
  <testcase name="viewstaff" time="17.057" classname="com.automation.testcases.gurukula.GurkulaStaffScenarios"/>
  <testcase name="editstaff" time="28.758" classname="com.automation.testcases.gurukula.GurkulaStaffScenarios"/>
</testsuite> <!-- com.automation.testcases.gurukula.GurkulaStaffScenarios -->
